C:\Users\Iris1_fabio\Desktop\IrisDevProductionFiles042019\Neuralink\NeuralinkLightsDemoF\NeuralinkLightsDemo\wwwroot\clientapp\out-tsc\app\shared\lights.js
C:\Users\Iris1_fabio\Desktop\IrisDevProductionFiles042019\Neuralink\NeuralinkLightsDemoF\NeuralinkLightsDemo\wwwroot\clientapp\out-tsc\app\shared\lights.js.map
C:\Users\Iris1_fabio\Desktop\IrisDevProductionFiles042019\Neuralink\NeuralinkLightsDemoF\NeuralinkLightsDemo\wwwroot\clientapp\out-tsc\app\shared\dataService.js
C:\Users\Iris1_fabio\Desktop\IrisDevProductionFiles042019\Neuralink\NeuralinkLightsDemoF\NeuralinkLightsDemo\wwwroot\clientapp\out-tsc\app\shared\dataService.js.map
C:\Users\Iris1_fabio\Desktop\IrisDevProductionFiles042019\Neuralink\NeuralinkLightsDemoF\NeuralinkLightsDemo\wwwroot\clientapp\out-tsc\app\app.animations.js
C:\Users\Iris1_fabio\Desktop\IrisDevProductionFiles042019\Neuralink\NeuralinkLightsDemoF\NeuralinkLightsDemo\wwwroot\clientapp\out-tsc\app\app.animations.js.map
C:\Users\Iris1_fabio\Desktop\IrisDevProductionFiles042019\Neuralink\NeuralinkLightsDemoF\NeuralinkLightsDemo\wwwroot\clientapp\out-tsc\app\app.component.js
C:\Users\Iris1_fabio\Desktop\IrisDevProductionFiles042019\Neuralink\NeuralinkLightsDemoF\NeuralinkLightsDemo\wwwroot\clientapp\out-tsc\app\app.component.js.map
C:\Users\Iris1_fabio\Desktop\IrisDevProductionFiles042019\Neuralink\NeuralinkLightsDemoF\NeuralinkLightsDemo\wwwroot\clientapp\out-tsc\app\lightsTest\lightsTest.component.js
C:\Users\Iris1_fabio\Desktop\IrisDevProductionFiles042019\Neuralink\NeuralinkLightsDemoF\NeuralinkLightsDemo\wwwroot\clientapp\out-tsc\app\lightsTest\lightsTest.component.js.map
C:\Users\Iris1_fabio\Desktop\IrisDevProductionFiles042019\Neuralink\NeuralinkLightsDemoF\NeuralinkLightsDemo\wwwroot\clientapp\out-tsc\app\lightsTest\timerControl-lightsTest.component.js
C:\Users\Iris1_fabio\Desktop\IrisDevProductionFiles042019\Neuralink\NeuralinkLightsDemoF\NeuralinkLightsDemo\wwwroot\clientapp\out-tsc\app\lightsTest\timerControl-lightsTest.component.js.map
C:\Users\Iris1_fabio\Desktop\IrisDevProductionFiles042019\Neuralink\NeuralinkLightsDemoF\NeuralinkLightsDemo\wwwroot\clientapp\out-tsc\app\shared\shared.module.js
C:\Users\Iris1_fabio\Desktop\IrisDevProductionFiles042019\Neuralink\NeuralinkLightsDemoF\NeuralinkLightsDemo\wwwroot\clientapp\out-tsc\app\shared\shared.module.js.map
C:\Users\Iris1_fabio\Desktop\IrisDevProductionFiles042019\Neuralink\NeuralinkLightsDemoF\NeuralinkLightsDemo\wwwroot\clientapp\out-tsc\app\lightsTest\transition-lightsTest.component.js
C:\Users\Iris1_fabio\Desktop\IrisDevProductionFiles042019\Neuralink\NeuralinkLightsDemoF\NeuralinkLightsDemo\wwwroot\clientapp\out-tsc\app\lightsTest\transition-lightsTest.component.js.map
C:\Users\Iris1_fabio\Desktop\IrisDevProductionFiles042019\Neuralink\NeuralinkLightsDemoF\NeuralinkLightsDemo\wwwroot\clientapp\out-tsc\app\lightsTest\lights.module.js
C:\Users\Iris1_fabio\Desktop\IrisDevProductionFiles042019\Neuralink\NeuralinkLightsDemoF\NeuralinkLightsDemo\wwwroot\clientapp\out-tsc\app\lightsTest\lights.module.js.map
C:\Users\Iris1_fabio\Desktop\IrisDevProductionFiles042019\Neuralink\NeuralinkLightsDemoF\NeuralinkLightsDemo\wwwroot\clientapp\out-tsc\app\page-not-found.component.js
C:\Users\Iris1_fabio\Desktop\IrisDevProductionFiles042019\Neuralink\NeuralinkLightsDemoF\NeuralinkLightsDemo\wwwroot\clientapp\out-tsc\app\page-not-found.component.js.map
C:\Users\Iris1_fabio\Desktop\IrisDevProductionFiles042019\Neuralink\NeuralinkLightsDemoF\NeuralinkLightsDemo\wwwroot\clientapp\out-tsc\app\app-routing.module.js
C:\Users\Iris1_fabio\Desktop\IrisDevProductionFiles042019\Neuralink\NeuralinkLightsDemoF\NeuralinkLightsDemo\wwwroot\clientapp\out-tsc\app\app-routing.module.js.map
C:\Users\Iris1_fabio\Desktop\IrisDevProductionFiles042019\Neuralink\NeuralinkLightsDemoF\NeuralinkLightsDemo\wwwroot\clientapp\out-tsc\app\app.module.js
C:\Users\Iris1_fabio\Desktop\IrisDevProductionFiles042019\Neuralink\NeuralinkLightsDemoF\NeuralinkLightsDemo\wwwroot\clientapp\out-tsc\app\app.module.js.map
C:\Users\Iris1_fabio\Desktop\IrisDevProductionFiles042019\Neuralink\NeuralinkLightsDemoF\NeuralinkLightsDemo\wwwroot\clientapp\out-tsc\environments\environment.js
C:\Users\Iris1_fabio\Desktop\IrisDevProductionFiles042019\Neuralink\NeuralinkLightsDemoF\NeuralinkLightsDemo\wwwroot\clientapp\out-tsc\environments\environment.js.map
C:\Users\Iris1_fabio\Desktop\IrisDevProductionFiles042019\Neuralink\NeuralinkLightsDemoF\NeuralinkLightsDemo\wwwroot\clientapp\out-tsc\main.js
C:\Users\Iris1_fabio\Desktop\IrisDevProductionFiles042019\Neuralink\NeuralinkLightsDemoF\NeuralinkLightsDemo\wwwroot\clientapp\out-tsc\main.js.map
C:\Users\Iris1_fabio\Desktop\IrisDevProductionFiles042019\Neuralink\NeuralinkLightsDemoF\NeuralinkLightsDemo\wwwroot\clientapp\out-tsc\polyfills.js
C:\Users\Iris1_fabio\Desktop\IrisDevProductionFiles042019\Neuralink\NeuralinkLightsDemoF\NeuralinkLightsDemo\wwwroot\clientapp\out-tsc\polyfills.js.map
C:\Users\Iris1_fabio\Desktop\IrisDevProductionFiles042019\Neuralink\NeuralinkLightsDemoF\NeuralinkLightsDemo\wwwroot\clientapp\out-tsc\test.js
C:\Users\Iris1_fabio\Desktop\IrisDevProductionFiles042019\Neuralink\NeuralinkLightsDemoF\NeuralinkLightsDemo\wwwroot\clientapp\out-tsc\test.js.map
C:\Users\Iris1_fabio\Desktop\IrisDevProductionFiles042019\Neuralink\NeuralinkLightsDemoF\NeuralinkLightsDemo\wwwroot\clientapp\out-tsc\environments\environment.prod.js
C:\Users\Iris1_fabio\Desktop\IrisDevProductionFiles042019\Neuralink\NeuralinkLightsDemoF\NeuralinkLightsDemo\wwwroot\clientapp\out-tsc\environments\environment.prod.js.map
