C:\IRIS19111\DirectoryAchive19112\IriSearch_v31_ProductionSetUpLaunch1\IriSearch\wwwroot\clientapp\out-tsc\app\shared\Project.js
C:\IRIS19111\DirectoryAchive19112\IriSearch_v31_ProductionSetUpLaunch1\IriSearch\wwwroot\clientapp\out-tsc\app\shared\Project.js.map
C:\IRIS19111\DirectoryAchive19112\IriSearch_v31_ProductionSetUpLaunch1\IriSearch\wwwroot\clientapp\out-tsc\app\shared\Explore.js
C:\IRIS19111\DirectoryAchive19112\IriSearch_v31_ProductionSetUpLaunch1\IriSearch\wwwroot\clientapp\out-tsc\app\shared\Explore.js.map
C:\IRIS19111\DirectoryAchive19112\IriSearch_v31_ProductionSetUpLaunch1\IriSearch\wwwroot\clientapp\out-tsc\app\shared\Email.js
C:\IRIS19111\DirectoryAchive19112\IriSearch_v31_ProductionSetUpLaunch1\IriSearch\wwwroot\clientapp\out-tsc\app\shared\Email.js.map
C:\IRIS19111\DirectoryAchive19112\IriSearch_v31_ProductionSetUpLaunch1\IriSearch\wwwroot\clientapp\out-tsc\app\shared\Circle.js
C:\IRIS19111\DirectoryAchive19112\IriSearch_v31_ProductionSetUpLaunch1\IriSearch\wwwroot\clientapp\out-tsc\app\shared\Circle.js.map
C:\IRIS19111\DirectoryAchive19112\IriSearch_v31_ProductionSetUpLaunch1\IriSearch\wwwroot\clientapp\out-tsc\app\shared\invite.js
C:\IRIS19111\DirectoryAchive19112\IriSearch_v31_ProductionSetUpLaunch1\IriSearch\wwwroot\clientapp\out-tsc\app\shared\invite.js.map
C:\IRIS19111\DirectoryAchive19112\IriSearch_v31_ProductionSetUpLaunch1\IriSearch\wwwroot\clientapp\out-tsc\app\shared\member.js
C:\IRIS19111\DirectoryAchive19112\IriSearch_v31_ProductionSetUpLaunch1\IriSearch\wwwroot\clientapp\out-tsc\app\shared\member.js.map
C:\IRIS19111\DirectoryAchive19112\IriSearch_v31_ProductionSetUpLaunch1\IriSearch\wwwroot\clientapp\out-tsc\app\shared\Notification.js
C:\IRIS19111\DirectoryAchive19112\IriSearch_v31_ProductionSetUpLaunch1\IriSearch\wwwroot\clientapp\out-tsc\app\shared\Notification.js.map
C:\IRIS19111\DirectoryAchive19112\IriSearch_v31_ProductionSetUpLaunch1\IriSearch\wwwroot\clientapp\out-tsc\app\shared\dataService.js
C:\IRIS19111\DirectoryAchive19112\IriSearch_v31_ProductionSetUpLaunch1\IriSearch\wwwroot\clientapp\out-tsc\app\shared\dataService.js.map
C:\IRIS19111\DirectoryAchive19112\IriSearch_v31_ProductionSetUpLaunch1\IriSearch\wwwroot\clientapp\out-tsc\app\app.component.js
C:\IRIS19111\DirectoryAchive19112\IriSearch_v31_ProductionSetUpLaunch1\IriSearch\wwwroot\clientapp\out-tsc\app\app.component.js.map
C:\IRIS19111\DirectoryAchive19112\IriSearch_v31_ProductionSetUpLaunch1\IriSearch\wwwroot\clientapp\out-tsc\app\reshub\memberList.component.js
C:\IRIS19111\DirectoryAchive19112\IriSearch_v31_ProductionSetUpLaunch1\IriSearch\wwwroot\clientapp\out-tsc\app\reshub\memberList.component.js.map
C:\IRIS19111\DirectoryAchive19112\IriSearch_v31_ProductionSetUpLaunch1\IriSearch\wwwroot\clientapp\out-tsc\app\shared\Timer.js
C:\IRIS19111\DirectoryAchive19112\IriSearch_v31_ProductionSetUpLaunch1\IriSearch\wwwroot\clientapp\out-tsc\app\shared\Timer.js.map
C:\IRIS19111\DirectoryAchive19112\IriSearch_v31_ProductionSetUpLaunch1\IriSearch\wwwroot\clientapp\out-tsc\app\reshub\reshub.component.js
C:\IRIS19111\DirectoryAchive19112\IriSearch_v31_ProductionSetUpLaunch1\IriSearch\wwwroot\clientapp\out-tsc\app\reshub\reshub.component.js.map
C:\IRIS19111\DirectoryAchive19112\IriSearch_v31_ProductionSetUpLaunch1\IriSearch\wwwroot\clientapp\out-tsc\app\projects\project.component.js
C:\IRIS19111\DirectoryAchive19112\IriSearch_v31_ProductionSetUpLaunch1\IriSearch\wwwroot\clientapp\out-tsc\app\projects\project.component.js.map
C:\IRIS19111\DirectoryAchive19112\IriSearch_v31_ProductionSetUpLaunch1\IriSearch\wwwroot\clientapp\out-tsc\app\login\login.component.js
C:\IRIS19111\DirectoryAchive19112\IriSearch_v31_ProductionSetUpLaunch1\IriSearch\wwwroot\clientapp\out-tsc\app\login\login.component.js.map
C:\IRIS19111\DirectoryAchive19112\IriSearch_v31_ProductionSetUpLaunch1\IriSearch\wwwroot\clientapp\out-tsc\app\detailPages\profilePage.component.js
C:\IRIS19111\DirectoryAchive19112\IriSearch_v31_ProductionSetUpLaunch1\IriSearch\wwwroot\clientapp\out-tsc\app\detailPages\profilePage.component.js.map
C:\IRIS19111\DirectoryAchive19112\IriSearch_v31_ProductionSetUpLaunch1\IriSearch\wwwroot\clientapp\out-tsc\app\detailPages\document.component.js
C:\IRIS19111\DirectoryAchive19112\IriSearch_v31_ProductionSetUpLaunch1\IriSearch\wwwroot\clientapp\out-tsc\app\detailPages\document.component.js.map
C:\IRIS19111\DirectoryAchive19112\IriSearch_v31_ProductionSetUpLaunch1\IriSearch\wwwroot\clientapp\out-tsc\app\projects\projectList.component.js
C:\IRIS19111\DirectoryAchive19112\IriSearch_v31_ProductionSetUpLaunch1\IriSearch\wwwroot\clientapp\out-tsc\app\projects\projectList.component.js.map
C:\IRIS19111\DirectoryAchive19112\IriSearch_v31_ProductionSetUpLaunch1\IriSearch\wwwroot\clientapp\out-tsc\app\detailPages\projectPage.component.js
C:\IRIS19111\DirectoryAchive19112\IriSearch_v31_ProductionSetUpLaunch1\IriSearch\wwwroot\clientapp\out-tsc\app\detailPages\projectPage.component.js.map
C:\IRIS19111\DirectoryAchive19112\IriSearch_v31_ProductionSetUpLaunch1\IriSearch\wwwroot\clientapp\out-tsc\app\detailPages\userProfilePage.component.js
C:\IRIS19111\DirectoryAchive19112\IriSearch_v31_ProductionSetUpLaunch1\IriSearch\wwwroot\clientapp\out-tsc\app\detailPages\userProfilePage.component.js.map
C:\IRIS19111\DirectoryAchive19112\IriSearch_v31_ProductionSetUpLaunch1\IriSearch\wwwroot\clientapp\out-tsc\app\detailPages\fromMbrsProjectView.component.js
C:\IRIS19111\DirectoryAchive19112\IriSearch_v31_ProductionSetUpLaunch1\IriSearch\wwwroot\clientapp\out-tsc\app\detailPages\fromMbrsProjectView.component.js.map
C:\IRIS19111\DirectoryAchive19112\IriSearch_v31_ProductionSetUpLaunch1\IriSearch\wwwroot\clientapp\out-tsc\app\projects\PostProject.component.js
C:\IRIS19111\DirectoryAchive19112\IriSearch_v31_ProductionSetUpLaunch1\IriSearch\wwwroot\clientapp\out-tsc\app\projects\PostProject.component.js.map
C:\IRIS19111\DirectoryAchive19112\IriSearch_v31_ProductionSetUpLaunch1\IriSearch\wwwroot\clientapp\out-tsc\app\Explore\explore.component.js
C:\IRIS19111\DirectoryAchive19112\IriSearch_v31_ProductionSetUpLaunch1\IriSearch\wwwroot\clientapp\out-tsc\app\Explore\explore.component.js.map
C:\IRIS19111\DirectoryAchive19112\IriSearch_v31_ProductionSetUpLaunch1\IriSearch\wwwroot\clientapp\out-tsc\app\Explore\PostExplore.component.js
C:\IRIS19111\DirectoryAchive19112\IriSearch_v31_ProductionSetUpLaunch1\IriSearch\wwwroot\clientapp\out-tsc\app\Explore\PostExplore.component.js.map
C:\IRIS19111\DirectoryAchive19112\IriSearch_v31_ProductionSetUpLaunch1\IriSearch\wwwroot\clientapp\out-tsc\app\detailPages\AfterExplorePost.component.js
C:\IRIS19111\DirectoryAchive19112\IriSearch_v31_ProductionSetUpLaunch1\IriSearch\wwwroot\clientapp\out-tsc\app\detailPages\AfterExplorePost.component.js.map
C:\IRIS19111\DirectoryAchive19112\IriSearch_v31_ProductionSetUpLaunch1\IriSearch\wwwroot\clientapp\out-tsc\app\Explore\exploreList.component.js
C:\IRIS19111\DirectoryAchive19112\IriSearch_v31_ProductionSetUpLaunch1\IriSearch\wwwroot\clientapp\out-tsc\app\Explore\exploreList.component.js.map
C:\IRIS19111\DirectoryAchive19112\IriSearch_v31_ProductionSetUpLaunch1\IriSearch\wwwroot\clientapp\out-tsc\app\messageService\messageMain.component.js
C:\IRIS19111\DirectoryAchive19112\IriSearch_v31_ProductionSetUpLaunch1\IriSearch\wwwroot\clientapp\out-tsc\app\messageService\messageMain.component.js.map
C:\IRIS19111\DirectoryAchive19112\IriSearch_v31_ProductionSetUpLaunch1\IriSearch\wwwroot\clientapp\out-tsc\app\userInterfacectrl\userInterface.component.js
C:\IRIS19111\DirectoryAchive19112\IriSearch_v31_ProductionSetUpLaunch1\IriSearch\wwwroot\clientapp\out-tsc\app\userInterfacectrl\userInterface.component.js.map
C:\IRIS19111\DirectoryAchive19112\IriSearch_v31_ProductionSetUpLaunch1\IriSearch\wwwroot\clientapp\out-tsc\app\searchalgrthm\search.component.js
C:\IRIS19111\DirectoryAchive19112\IriSearch_v31_ProductionSetUpLaunch1\IriSearch\wwwroot\clientapp\out-tsc\app\searchalgrthm\search.component.js.map
C:\IRIS19111\DirectoryAchive19112\IriSearch_v31_ProductionSetUpLaunch1\IriSearch\wwwroot\clientapp\out-tsc\app\messageService\MsgInter.component.js
C:\IRIS19111\DirectoryAchive19112\IriSearch_v31_ProductionSetUpLaunch1\IriSearch\wwwroot\clientapp\out-tsc\app\messageService\MsgInter.component.js.map
C:\IRIS19111\DirectoryAchive19112\IriSearch_v31_ProductionSetUpLaunch1\IriSearch\wwwroot\clientapp\out-tsc\app\circleService\circleSList.component.js
C:\IRIS19111\DirectoryAchive19112\IriSearch_v31_ProductionSetUpLaunch1\IriSearch\wwwroot\clientapp\out-tsc\app\circleService\circleSList.component.js.map
C:\IRIS19111\DirectoryAchive19112\IriSearch_v31_ProductionSetUpLaunch1\IriSearch\wwwroot\clientapp\out-tsc\app\circleService\PostCircleS.component.js
C:\IRIS19111\DirectoryAchive19112\IriSearch_v31_ProductionSetUpLaunch1\IriSearch\wwwroot\clientapp\out-tsc\app\circleService\PostCircleS.component.js.map
C:\IRIS19111\DirectoryAchive19112\IriSearch_v31_ProductionSetUpLaunch1\IriSearch\wwwroot\clientapp\out-tsc\app\circleService\circleS.component.js
C:\IRIS19111\DirectoryAchive19112\IriSearch_v31_ProductionSetUpLaunch1\IriSearch\wwwroot\clientapp\out-tsc\app\circleService\circleS.component.js.map
C:\IRIS19111\DirectoryAchive19112\IriSearch_v31_ProductionSetUpLaunch1\IriSearch\wwwroot\clientapp\out-tsc\app\detailPages\AfterCirclePost.component.js
C:\IRIS19111\DirectoryAchive19112\IriSearch_v31_ProductionSetUpLaunch1\IriSearch\wwwroot\clientapp\out-tsc\app\detailPages\AfterCirclePost.component.js.map
C:\IRIS19111\DirectoryAchive19112\IriSearch_v31_ProductionSetUpLaunch1\IriSearch\wwwroot\clientapp\out-tsc\app\circleService\circleSingleView.component.js
C:\IRIS19111\DirectoryAchive19112\IriSearch_v31_ProductionSetUpLaunch1\IriSearch\wwwroot\clientapp\out-tsc\app\circleService\circleSingleView.component.js.map
C:\IRIS19111\DirectoryAchive19112\IriSearch_v31_ProductionSetUpLaunch1\IriSearch\wwwroot\clientapp\out-tsc\app\app.module.js
C:\IRIS19111\DirectoryAchive19112\IriSearch_v31_ProductionSetUpLaunch1\IriSearch\wwwroot\clientapp\out-tsc\app\app.module.js.map
C:\IRIS19111\DirectoryAchive19112\IriSearch_v31_ProductionSetUpLaunch1\IriSearch\wwwroot\clientapp\out-tsc\environments\environment.js
C:\IRIS19111\DirectoryAchive19112\IriSearch_v31_ProductionSetUpLaunch1\IriSearch\wwwroot\clientapp\out-tsc\environments\environment.js.map
C:\IRIS19111\DirectoryAchive19112\IriSearch_v31_ProductionSetUpLaunch1\IriSearch\wwwroot\clientapp\out-tsc\main.js
C:\IRIS19111\DirectoryAchive19112\IriSearch_v31_ProductionSetUpLaunch1\IriSearch\wwwroot\clientapp\out-tsc\main.js.map
C:\IRIS19111\DirectoryAchive19112\IriSearch_v31_ProductionSetUpLaunch1\IriSearch\wwwroot\clientapp\out-tsc\polyfills.js
C:\IRIS19111\DirectoryAchive19112\IriSearch_v31_ProductionSetUpLaunch1\IriSearch\wwwroot\clientapp\out-tsc\polyfills.js.map
C:\IRIS19111\DirectoryAchive19112\IriSearch_v31_ProductionSetUpLaunch1\IriSearch\wwwroot\clientapp\out-tsc\test.js
C:\IRIS19111\DirectoryAchive19112\IriSearch_v31_ProductionSetUpLaunch1\IriSearch\wwwroot\clientapp\out-tsc\test.js.map
C:\IRIS19111\DirectoryAchive19112\IriSearch_v31_ProductionSetUpLaunch1\IriSearch\wwwroot\clientapp\out-tsc\environments\environment.prod.js
C:\IRIS19111\DirectoryAchive19112\IriSearch_v31_ProductionSetUpLaunch1\IriSearch\wwwroot\clientapp\out-tsc\environments\environment.prod.js.map
