C:\Users\fabio\Desktop\Set_of_Lights\Prod\IriSearch\wwwroot\clientapp\out-tsc\app\shared\dataService.js
C:\Users\fabio\Desktop\Set_of_Lights\Prod\IriSearch\wwwroot\clientapp\out-tsc\app\shared\dataService.js.map
C:\Users\fabio\Desktop\Set_of_Lights\Prod\IriSearch\wwwroot\clientapp\out-tsc\app\app.component.js
C:\Users\fabio\Desktop\Set_of_Lights\Prod\IriSearch\wwwroot\clientapp\out-tsc\app\app.component.js.map
C:\Users\fabio\Desktop\Set_of_Lights\Prod\IriSearch\wwwroot\clientapp\out-tsc\app\shared\Timer.js
C:\Users\fabio\Desktop\Set_of_Lights\Prod\IriSearch\wwwroot\clientapp\out-tsc\app\shared\Timer.js.map
C:\Users\fabio\Desktop\Set_of_Lights\Prod\IriSearch\wwwroot\clientapp\out-tsc\app\shared\Light.js
C:\Users\fabio\Desktop\Set_of_Lights\Prod\IriSearch\wwwroot\clientapp\out-tsc\app\shared\Light.js.map
C:\Users\fabio\Desktop\Set_of_Lights\Prod\IriSearch\wwwroot\clientapp\out-tsc\app\lightsTest\lightsTest.component.js
C:\Users\fabio\Desktop\Set_of_Lights\Prod\IriSearch\wwwroot\clientapp\out-tsc\app\lightsTest\lightsTest.component.js.map
C:\Users\fabio\Desktop\Set_of_Lights\Prod\IriSearch\wwwroot\clientapp\out-tsc\app\app.module.js
C:\Users\fabio\Desktop\Set_of_Lights\Prod\IriSearch\wwwroot\clientapp\out-tsc\app\app.module.js.map
C:\Users\fabio\Desktop\Set_of_Lights\Prod\IriSearch\wwwroot\clientapp\out-tsc\environments\environment.js
C:\Users\fabio\Desktop\Set_of_Lights\Prod\IriSearch\wwwroot\clientapp\out-tsc\environments\environment.js.map
C:\Users\fabio\Desktop\Set_of_Lights\Prod\IriSearch\wwwroot\clientapp\out-tsc\main.js
C:\Users\fabio\Desktop\Set_of_Lights\Prod\IriSearch\wwwroot\clientapp\out-tsc\main.js.map
C:\Users\fabio\Desktop\Set_of_Lights\Prod\IriSearch\wwwroot\clientapp\out-tsc\polyfills.js
C:\Users\fabio\Desktop\Set_of_Lights\Prod\IriSearch\wwwroot\clientapp\out-tsc\polyfills.js.map
C:\Users\fabio\Desktop\Set_of_Lights\Prod\IriSearch\wwwroot\clientapp\out-tsc\test.js
C:\Users\fabio\Desktop\Set_of_Lights\Prod\IriSearch\wwwroot\clientapp\out-tsc\test.js.map
C:\Users\fabio\Desktop\Set_of_Lights\Prod\IriSearch\wwwroot\clientapp\out-tsc\environments\environment.prod.js
C:\Users\fabio\Desktop\Set_of_Lights\Prod\IriSearch\wwwroot\clientapp\out-tsc\environments\environment.prod.js.map
